<?xml version="1.0" encoding="UTF-8"?>
<!-- Generated by org.testng.reporters.JUnitReportReporter -->
<testsuite hostname="Vinaymalkhed" failures="0" tests="1" name="testCases.TC_002_LoginTest" time="5.851" errors="0" timestamp="2024-01-22T17:23:25 IST" skipped="0">
  <testcase classname="testCases.TC_002_LoginTest" name="testlogin" time="5.851"/>
</testsuite> <!-- testCases.TC_002_LoginTest -->
