<?xml version="1.0" encoding="UTF-8"?>
<!-- Generated by org.testng.reporters.JUnitReportReporter -->
<testsuite hostname="Vinaymalkhed" failures="0" tests="1" name="testCases.TC_001_SignupTest" time="8.875" errors="0" timestamp="2024-01-22T17:23:25 IST" skipped="0">
  <testcase classname="testCases.TC_001_SignupTest" name="testsignup" time="8.875"/>
</testsuite> <!-- testCases.TC_001_SignupTest -->
